13:55:41.925 [main] DEBUG org.eclipse.jetty.util.log - Logging to Logger[org.eclipse.jetty.util.log] via org.eclipse.jetty.util.log.Slf4jLog
13:55:42.003 [main] DEBUG o.e.jetty.servlet.ServletHandler - filterNameMap={}
13:55:42.003 [main] DEBUG o.e.jetty.servlet.ServletHandler - pathFilters=null
13:55:42.003 [main] DEBUG o.e.jetty.servlet.ServletHandler - servletFilterMap=null
13:55:42.003 [main] DEBUG o.e.jetty.servlet.ServletHandler - servletPathMap={/*=org.apache.felix.http.base.internal.DispatcherServlet-235ecd9f}
13:55:42.003 [main] DEBUG o.e.jetty.servlet.ServletHandler - servletNameMap={org.apache.felix.http.base.internal.DispatcherServlet-235ecd9f=org.apache.felix.http.base.internal.DispatcherServlet-235ecd9f}
13:55:42.004 [main] DEBUG o.e.jetty.util.component.Container - Container org.eclipse.jetty.server.handler.ContextHandlerCollection@17f9d882 + o.e.j.s.ServletContextHandler{/,null} as handler
13:55:42.005 [main] DEBUG o.e.jetty.util.component.Container - Container org.eclipse.jetty.server.Server@1349883 + org.eclipse.jetty.server.handler.ContextHandlerCollection@17f9d882 as handler
13:55:42.005 [main] DEBUG o.e.j.u.component.AbstractLifeCycle - starting org.eclipse.jetty.server.Server@1349883
13:55:42.008 [main] INFO  org.eclipse.jetty.server.Server - jetty-8.1.14.v20131031
13:55:42.056 [main] DEBUG o.e.jetty.util.component.Container - Container org.eclipse.jetty.server.Server@1349883 + qtp2133655103{8<=0<=0/254,-1} as threadpool
13:55:42.056 [main] DEBUG o.e.j.u.component.AbstractLifeCycle - starting org.eclipse.jetty.server.handler.ContextHandlerCollection@17f9d882
13:55:42.057 [main] DEBUG o.e.j.u.component.AbstractLifeCycle - starting o.e.j.s.ServletContextHandler{/,null}
13:55:42.075 [main] DEBUG o.e.jetty.util.component.Container - Container org.eclipse.jetty.servlet.ServletHandler@1cd629b3 + org.apache.felix.http.base.internal.DispatcherServlet-235ecd9f as servlet
13:55:42.075 [main] DEBUG o.e.jetty.util.component.Container - Container org.eclipse.jetty.servlet.ServletHandler@1cd629b3 + [/*]=>org.apache.felix.http.base.internal.DispatcherServlet-235ecd9f as servletMapping
13:55:42.075 [main] DEBUG o.e.jetty.util.component.Container - Container org.eclipse.jetty.server.session.SessionHandler@589da3f3 + org.eclipse.jetty.servlet.ServletHandler@1cd629b3 as handler
13:55:42.075 [main] DEBUG o.e.jetty.util.component.Container - Container org.eclipse.jetty.server.session.SessionHandler@589da3f3 + org.eclipse.jetty.server.session.HashSessionManager@39d76cb5 as sessionManager
13:55:42.075 [main] DEBUG o.e.jetty.util.component.Container - Container o.e.j.s.ServletContextHandler{/,null} + org.eclipse.jetty.server.session.SessionHandler@589da3f3 as handler
13:55:42.076 [main] DEBUG o.e.j.u.component.AbstractLifeCycle - starting org.eclipse.jetty.server.session.SessionHandler@589da3f3
13:55:42.076 [main] DEBUG o.e.j.u.component.AbstractLifeCycle - starting org.eclipse.jetty.server.session.HashSessionManager@39d76cb5
13:55:42.077 [main] DEBUG o.e.jetty.util.component.Container - Container org.eclipse.jetty.server.Server@1349883 + org.eclipse.jetty.server.session.HashSessionIdManager@14a50707 as sessionIdManager
13:55:42.078 [main] DEBUG o.e.j.u.component.AbstractLifeCycle - starting org.eclipse.jetty.server.session.HashSessionIdManager@14a50707
13:55:42.078 [main] DEBUG o.e.j.u.component.AbstractLifeCycle - STARTED org.eclipse.jetty.server.session.HashSessionIdManager@14a50707
13:55:42.079 [main] DEBUG o.e.j.u.component.AbstractLifeCycle - STARTED org.eclipse.jetty.server.session.HashSessionManager@39d76cb5
13:55:42.079 [main] DEBUG o.e.j.u.component.AbstractLifeCycle - starting org.eclipse.jetty.servlet.ServletHandler@1cd629b3
13:55:42.079 [main] DEBUG o.e.jetty.servlet.ServletHandler - filterNameMap={}
13:55:42.080 [main] DEBUG o.e.jetty.servlet.ServletHandler - pathFilters=null
13:55:42.080 [main] DEBUG o.e.jetty.servlet.ServletHandler - servletFilterMap=null
13:55:42.080 [main] DEBUG o.e.jetty.servlet.ServletHandler - servletPathMap={/*=org.apache.felix.http.base.internal.DispatcherServlet-235ecd9f}
13:55:42.080 [main] DEBUG o.e.jetty.servlet.ServletHandler - servletNameMap={org.apache.felix.http.base.internal.DispatcherServlet-235ecd9f=org.apache.felix.http.base.internal.DispatcherServlet-235ecd9f}
13:55:42.080 [main] DEBUG o.e.j.server.handler.AbstractHandler - starting org.eclipse.jetty.servlet.ServletHandler@1cd629b3
13:55:42.080 [main] DEBUG o.e.j.u.component.AbstractLifeCycle - STARTED org.eclipse.jetty.servlet.ServletHandler@1cd629b3
13:55:42.080 [main] DEBUG o.e.j.server.handler.AbstractHandler - starting org.eclipse.jetty.server.session.SessionHandler@589da3f3
13:55:42.080 [main] DEBUG o.e.j.u.component.AbstractLifeCycle - STARTED org.eclipse.jetty.server.session.SessionHandler@589da3f3
13:55:42.080 [main] DEBUG o.e.j.server.handler.AbstractHandler - starting o.e.j.s.ServletContextHandler{/,null}
13:55:42.081 [main] DEBUG o.e.j.u.component.AbstractLifeCycle - starting org.apache.felix.http.base.internal.DispatcherServlet-235ecd9f
13:55:42.088 [main] DEBUG o.e.j.u.component.AbstractLifeCycle - STARTED org.apache.felix.http.base.internal.DispatcherServlet-235ecd9f
13:55:42.088 [main] DEBUG o.e.j.u.component.AbstractLifeCycle - STARTED o.e.j.s.ServletContextHandler{/,null}
13:55:42.088 [main] DEBUG o.e.j.server.handler.AbstractHandler - starting org.eclipse.jetty.server.handler.ContextHandlerCollection@17f9d882
13:55:42.088 [main] DEBUG o.e.j.u.component.AbstractLifeCycle - STARTED org.eclipse.jetty.server.handler.ContextHandlerCollection@17f9d882
13:55:42.088 [main] DEBUG o.e.j.server.handler.AbstractHandler - starting org.eclipse.jetty.server.Server@1349883
13:55:42.088 [main] DEBUG o.e.j.u.component.AbstractLifeCycle - starting HashLoginService[OSGi HTTP Service Realm]
13:55:42.088 [main] DEBUG o.e.jetty.security.HashLoginService - doStart: Starting new PropertyUserStore. PropertiesFile: null refreshInterval: 0
13:55:42.091 [main] DEBUG o.e.j.u.component.AbstractLifeCycle - starting org.eclipse.jetty.security.PropertyUserStore@51c693d
13:55:42.091 [main] DEBUG o.e.j.u.component.AbstractLifeCycle - STARTED org.eclipse.jetty.security.PropertyUserStore@51c693d
13:55:42.091 [main] DEBUG o.e.j.u.component.AbstractLifeCycle - STARTED HashLoginService[OSGi HTTP Service Realm]
13:55:42.091 [main] DEBUG o.e.j.u.component.AbstractLifeCycle - starting qtp2133655103{8<=0<=0/254,-1}
13:55:42.096 [main] DEBUG o.e.j.u.component.AbstractLifeCycle - STARTED qtp2133655103{8<=8<=8/254,0}
13:55:42.097 [main] DEBUG o.e.j.u.component.AbstractLifeCycle - STARTED org.eclipse.jetty.server.Server@1349883
13:55:42.114 [main] DEBUG o.e.jetty.server.AbstractConnector - Statistics on = false for SelectChannelConnector@0.0.0.0:8080
13:55:42.114 [main] DEBUG o.e.jetty.util.component.Container - Container org.eclipse.jetty.server.Server@1349883 + SelectChannelConnector@0.0.0.0:8080 as connector
13:55:42.114 [main] DEBUG o.e.j.u.component.AbstractLifeCycle - starting SelectChannelConnector@0.0.0.0:8080
13:55:42.143 [main] DEBUG o.e.j.u.component.AbstractLifeCycle - starting null/null
13:55:42.146 [main] DEBUG o.e.j.u.component.AbstractLifeCycle - STARTED PooledBuffers [0/1024@16384,0/1024@8192,0/1024@-]/PooledBuffers [0/1024@16384,0/1024@24576,0/1024@-]
13:55:42.146 [main] DEBUG o.e.j.u.component.AbstractLifeCycle - starting org.eclipse.jetty.server.nio.SelectChannelConnector$ConnectorSelectorManager@4032d386
13:55:42.161 [main] DEBUG o.e.j.u.component.AbstractLifeCycle - STARTED org.eclipse.jetty.server.nio.SelectChannelConnector$ConnectorSelectorManager@4032d386
13:55:42.161 [qtp2133655103-22 Selector0] DEBUG org.eclipse.jetty.io.nio - Starting Thread[qtp2133655103-22 Selector0,5,main] on org.eclipse.jetty.io.nio.SelectorManager$1@3255c50
13:55:42.163 [main] INFO  o.e.jetty.server.AbstractConnector - Started SelectChannelConnector@0.0.0.0:8080
13:55:42.163 [main] DEBUG o.e.j.u.component.AbstractLifeCycle - STARTED SelectChannelConnector@0.0.0.0:8080
[INFO] Started Jetty 8.1.14.v20131031 at port(s) HTTP:8080 on context path /
[DEBUG] Ignoring Servlet Service [javax.servlet.Servlet], alias is missing or empty
[INFO] Detected extended HttpService. Filters enabled.
[DEBUG] Ignoring Servlet Service [javax.servlet.Servlet], alias is missing or empty
[INFO] Http service whiteboard started
13:55:42.338 [main] DEBUG o.f.r.m.ConnectionManagerImpl - These connections are configured at boottime: []
[DEBUG] Ignoring Servlet Service [javax.servlet.Servlet], alias is missing or empty
[DEBUG] Ignoring Servlet Service [javax.servlet.Servlet], alias is missing or empty
13:55:42.379 [main] DEBUG o.f.runtime.ui.server.PageManager - Registered resources [/css], [/img] and [/js]
[DEBUG] Holding off mapping with unregistered context with id [fps]
13:55:42.380 [main] DEBUG o.f.runtime.ui.server.PageManager - Registered servlet for handling unknown calls
13:55:42.431 [main] DEBUG o.f.r.u.s.widgets.WidgetRegistry - Registered widget org.flexiblepower.runtime.ui.server.pages.ConfigurationPage@2a76840c as 1
13:55:42.432 [main] DEBUG o.f.r.u.s.w.AbstractWidgetManager - Registering servlet with properties: {component.id=6, component.name=org.flexiblepower.runtime.ui.server.pages.ConfigurationPage, widget.ranking=1000000, widget.target=(&(!(widget.type=full))(!(page.type=settings))), contextId=fps, objectClass=[Ljava.lang.String;@623e088f, widget.name=settings, widget.type=full, service.id=18, alias=/settings}
[DEBUG] Holding off mapping with unregistered context with id [fps]
13:55:42.436 [main] DEBUG o.f.r.u.s.widgets.WidgetRegistry - Registered widget org.flexiblepower.runtime.ui.server.pages.DashboardPage@5023bb8b as 2
13:55:42.437 [main] DEBUG o.f.r.u.s.w.AbstractWidgetManager - Registering servlet with properties: {component.id=7, component.name=org.flexiblepower.runtime.ui.server.pages.DashboardPage, widget.ranking=1000000, widget.target=(&(!(widget.type=full))(page.type=settings)), contextId=fps, objectClass=[Ljava.lang.String;@5d5f10b2, widget.name=dashboard, widget.type=full, service.id=20, alias=/dashboard}
[DEBUG] Holding off mapping with unregistered context with id [fps]
[DEBUG] Holding off mapping with unregistered context with id [fps]
[DEBUG] Holding off mapping with unregistered context with id [fps]
13:55:42.444 [main] DEBUG o.f.r.ui.user.UserSessionHttpContext - Started user context. Disabled = false
[DEBUG] Reusing context with id []
13:55:42.453 [main] DEBUG o.f.r.u.s.widgets.WidgetRegistry - Registered widget org.flexiblepower.runtime.ui.connectionspage.ConnectionsPage@34cdeda2 as 3
13:55:42.453 [main] DEBUG o.f.r.u.s.w.AbstractWidgetManager - Registering servlet with properties: {objectClass=[Ljava.lang.String;@6ee660fb, widget.name=connectionspage, component.name=org.flexiblepower.runtime.ui.connectionspage.ConnectionsPage, service.id=26, contextId=fps, component.id=11, alias=/connectionspage, widget.type=full}
[DEBUG] Reusing context with id [fps]
[DEBUG] Ignoring Servlet Service [javax.servlet.Servlet], alias is missing or empty
[DEBUG] Ignoring Servlet Service [javax.servlet.Servlet], alias is missing or empty
[DEBUG] Ignoring Servlet Service [javax.servlet.Servlet], alias is missing or empty
[DEBUG] Ignoring Servlet Service [javax.servlet.Servlet], alias is missing or empty
[DEBUG] Ignoring Servlet Service [javax.servlet.Servlet], alias is missing or empty
[DEBUG] Ignoring Servlet Service [javax.servlet.Servlet], alias is missing or empty
[DEBUG] Ignoring Servlet Service [javax.servlet.Servlet], alias is missing or empty
[DEBUG] Ignoring Servlet Service [javax.servlet.Servlet], alias is missing or empty
[DEBUG] Ignoring Servlet Service [javax.servlet.Servlet], alias is missing or empty
13:55:54.351 [qtp2133655103-22 Selector0] DEBUG org.eclipse.jetty.io.nio - created SCEP@65de00b7{l(/0:0:0:0:0:0:0:1:55463)<->r(/0:0:0:0:0:0:0:1:8080),s=0,open=true,ishut=false,oshut=false,rb=false,wb=false,w=true,i=0}-{AsyncHttpConnection@515a5583,g=HttpGenerator{s=0,h=-1,b=-1,c=-1},p=HttpParser{s=-14,l=0,c=0},r=0}
13:55:54.353 [qtp2133655103-23] DEBUG org.eclipse.jetty.http.HttpParser - filled 490/490
13:55:54.359 [qtp2133655103-23 - /settings/index.html] DEBUG org.eclipse.jetty.server.Server - REQUEST /settings/index.html on AsyncHttpConnection@515a5583,g=HttpGenerator{s=0,h=-1,b=-1,c=-1},p=HttpParser{s=-5,l=35,c=0},r=1
13:55:54.359 [qtp2133655103-23 - /settings/index.html] DEBUG o.e.j.server.handler.ContextHandler - scope null||/settings/index.html @ o.e.j.s.ServletContextHandler{/,null}
13:55:54.359 [qtp2133655103-23 - /settings/index.html] DEBUG o.e.j.server.handler.ContextHandler - context=||/settings/index.html @ o.e.j.s.ServletContextHandler{/,null}
13:55:54.361 [qtp2133655103-23 - /settings/index.html] DEBUG org.eclipse.jetty.server.session - sessionManager=org.eclipse.jetty.server.session.HashSessionManager@39d76cb5
13:55:54.361 [qtp2133655103-23 - /settings/index.html] DEBUG org.eclipse.jetty.server.session - session=null
13:55:54.361 [qtp2133655103-23 - /settings/index.html] DEBUG o.e.jetty.servlet.ServletHandler - servlet ||/settings/index.html -> org.apache.felix.http.base.internal.DispatcherServlet-235ecd9f
13:55:54.361 [qtp2133655103-23 - /settings/index.html] DEBUG o.e.jetty.servlet.ServletHandler - chain=null
13:55:54.368 [qtp2133655103-23 - /settings/index.html] DEBUG o.f.runtime.ui.server.PageServlet - HTML File found for index.html
13:55:54.379 [qtp2133655103-23 - /settings/index.html] DEBUG org.eclipse.jetty.server.Server - RESPONSE /settings/index.html  200 handled=true
13:55:54.380 [qtp2133655103-23] DEBUG o.e.jetty.server.AsyncHttpConnection - Enabled read interest SCEP@65de00b7{l(/0:0:0:0:0:0:0:1:55463)<->r(/0:0:0:0:0:0:0:1:8080),s=1,open=true,ishut=false,oshut=false,rb=false,wb=false,w=true,i=0r}-{AsyncHttpConnection@515a5583,g=HttpGenerator{s=4,h=0,b=0,c=-1},p=HttpParser{s=0,l=35,c=0},r=1}
13:55:54.386 [qtp2133655103-23] DEBUG org.eclipse.jetty.http.HttpParser - filled 0/0
13:55:54.584 [qtp2133655103-22 Selector0] DEBUG org.eclipse.jetty.io.nio - created SCEP@54464223{l(/0:0:0:0:0:0:0:1:55464)<->r(/0:0:0:0:0:0:0:1:8080),s=0,open=true,ishut=false,oshut=false,rb=false,wb=false,w=true,i=0}-{AsyncHttpConnection@41083ba4,g=HttpGenerator{s=0,h=-1,b=-1,c=-1},p=HttpParser{s=-14,l=0,c=0},r=0}
13:55:54.586 [qtp2133655103-24] DEBUG org.eclipse.jetty.http.HttpParser - filled 422/422
13:55:54.586 [qtp2133655103-25] DEBUG org.eclipse.jetty.http.HttpParser - filled 426/426
13:55:54.586 [qtp2133655103-24 - /js/vendor/jquery.min.js] DEBUG org.eclipse.jetty.server.Server - REQUEST /js/vendor/jquery.min.js on AsyncHttpConnection@41083ba4,g=HttpGenerator{s=0,h=-1,b=-1,c=-1},p=HttpParser{s=-5,l=35,c=0},r=1
13:55:54.586 [qtp2133655103-22 Selector0] DEBUG org.eclipse.jetty.io.nio - created SCEP@401f9bb5{l(/0:0:0:0:0:0:0:1:55465)<->r(/0:0:0:0:0:0:0:1:8080),s=0,open=true,ishut=false,oshut=false,rb=false,wb=false,w=true,i=0}-{AsyncHttpConnection@26ae8ecf,g=HttpGenerator{s=0,h=-1,b=-1,c=-1},p=HttpParser{s=-14,l=0,c=0},r=0}
13:55:54.587 [qtp2133655103-24 - /js/vendor/jquery.min.js] DEBUG o.e.j.server.handler.ContextHandler - scope null||/js/vendor/jquery.min.js @ o.e.j.s.ServletContextHandler{/,null}
13:55:54.587 [qtp2133655103-24 - /js/vendor/jquery.min.js] DEBUG o.e.j.server.handler.ContextHandler - context=||/js/vendor/jquery.min.js @ o.e.j.s.ServletContextHandler{/,null}
13:55:54.587 [qtp2133655103-25 - /css/main.css] DEBUG org.eclipse.jetty.server.Server - REQUEST /css/main.css on AsyncHttpConnection@515a5583,g=HttpGenerator{s=0,h=-1,b=-1,c=-1},p=HttpParser{s=-5,l=35,c=0},r=2
13:55:54.588 [qtp2133655103-24 - /js/vendor/jquery.min.js] DEBUG org.eclipse.jetty.server.session - sessionManager=org.eclipse.jetty.server.session.HashSessionManager@39d76cb5
13:55:54.588 [qtp2133655103-25 - /css/main.css] DEBUG o.e.j.server.handler.ContextHandler - scope null||/css/main.css @ o.e.j.s.ServletContextHandler{/,null}
13:55:54.588 [qtp2133655103-24 - /js/vendor/jquery.min.js] DEBUG org.eclipse.jetty.server.session - session=null
13:55:54.588 [qtp2133655103-26] DEBUG org.eclipse.jetty.http.HttpParser - filled 425/425
13:55:54.588 [qtp2133655103-25 - /css/main.css] DEBUG o.e.j.server.handler.ContextHandler - context=||/css/main.css @ o.e.j.s.ServletContextHandler{/,null}
13:55:54.588 [qtp2133655103-24 - /js/vendor/jquery.min.js] DEBUG o.e.jetty.servlet.ServletHandler - servlet ||/js/vendor/jquery.min.js -> org.apache.felix.http.base.internal.DispatcherServlet-235ecd9f
13:55:54.588 [qtp2133655103-25 - /css/main.css] DEBUG org.eclipse.jetty.server.session - sessionManager=org.eclipse.jetty.server.session.HashSessionManager@39d76cb5
13:55:54.588 [qtp2133655103-22 Selector0] DEBUG org.eclipse.jetty.io.nio - created SCEP@86aaff1{l(/0:0:0:0:0:0:0:1:55466)<->r(/0:0:0:0:0:0:0:1:8080),s=0,open=true,ishut=false,oshut=false,rb=false,wb=false,w=true,i=0}-{AsyncHttpConnection@34945f7a,g=HttpGenerator{s=0,h=-1,b=-1,c=-1},p=HttpParser{s=-14,l=0,c=0},r=0}
13:55:54.588 [qtp2133655103-24 - /js/vendor/jquery.min.js] DEBUG o.e.jetty.servlet.ServletHandler - chain=null
13:55:54.588 [qtp2133655103-26 - /js/vendor/jquery-ui.min.js] DEBUG org.eclipse.jetty.server.Server - REQUEST /js/vendor/jquery-ui.min.js on AsyncHttpConnection@26ae8ecf,g=HttpGenerator{s=0,h=-1,b=-1,c=-1},p=HttpParser{s=-5,l=35,c=0},r=1
13:55:54.588 [qtp2133655103-25 - /css/main.css] DEBUG org.eclipse.jetty.server.session - session=null
13:55:54.589 [qtp2133655103-26 - /js/vendor/jquery-ui.min.js] DEBUG o.e.j.server.handler.ContextHandler - scope null||/js/vendor/jquery-ui.min.js @ o.e.j.s.ServletContextHandler{/,null}
13:55:54.590 [qtp2133655103-25 - /css/main.css] DEBUG o.e.jetty.servlet.ServletHandler - servlet ||/css/main.css -> org.apache.felix.http.base.internal.DispatcherServlet-235ecd9f
13:55:54.590 [qtp2133655103-27] DEBUG org.eclipse.jetty.http.HttpParser - filled 412/412
13:55:54.590 [qtp2133655103-26 - /js/vendor/jquery-ui.min.js] DEBUG o.e.j.server.handler.ContextHandler - context=||/js/vendor/jquery-ui.min.js @ o.e.j.s.ServletContextHandler{/,null}
13:55:54.590 [qtp2133655103-25 - /css/main.css] DEBUG o.e.jetty.servlet.ServletHandler - chain=null
13:55:54.590 [qtp2133655103-26 - /js/vendor/jquery-ui.min.js] DEBUG org.eclipse.jetty.server.session - sessionManager=org.eclipse.jetty.server.session.HashSessionManager@39d76cb5
13:55:54.591 [qtp2133655103-26 - /js/vendor/jquery-ui.min.js] DEBUG org.eclipse.jetty.server.session - session=null
13:55:54.591 [qtp2133655103-26 - /js/vendor/jquery-ui.min.js] DEBUG o.e.jetty.servlet.ServletHandler - servlet ||/js/vendor/jquery-ui.min.js -> org.apache.felix.http.base.internal.DispatcherServlet-235ecd9f
13:55:54.591 [qtp2133655103-26 - /js/vendor/jquery-ui.min.js] DEBUG o.e.jetty.servlet.ServletHandler - chain=null
13:55:54.593 [qtp2133655103-22 Selector0] DEBUG org.eclipse.jetty.io.nio - created SCEP@1abc49db{l(/0:0:0:0:0:0:0:1:55467)<->r(/0:0:0:0:0:0:0:1:8080),s=0,open=true,ishut=false,oshut=false,rb=false,wb=false,w=true,i=0}-{AsyncHttpConnection@47f4685a,g=HttpGenerator{s=0,h=-1,b=-1,c=-1},p=HttpParser{s=-14,l=0,c=0},r=0}
13:55:54.593 [qtp2133655103-27 - /js/plugins.js] DEBUG org.eclipse.jetty.server.Server - REQUEST /js/plugins.js on AsyncHttpConnection@34945f7a,g=HttpGenerator{s=0,h=-1,b=-1,c=-1},p=HttpParser{s=-5,l=35,c=0},r=1
13:55:54.593 [qtp2133655103-27 - /js/plugins.js] DEBUG o.e.j.server.handler.ContextHandler - scope null||/js/plugins.js @ o.e.j.s.ServletContextHandler{/,null}
13:55:54.593 [qtp2133655103-27 - /js/plugins.js] DEBUG o.e.j.server.handler.ContextHandler - context=||/js/plugins.js @ o.e.j.s.ServletContextHandler{/,null}
13:55:54.593 [qtp2133655103-27 - /js/plugins.js] DEBUG org.eclipse.jetty.server.session - sessionManager=org.eclipse.jetty.server.session.HashSessionManager@39d76cb5
13:55:54.593 [qtp2133655103-27 - /js/plugins.js] DEBUG org.eclipse.jetty.server.session - session=null
13:55:54.593 [qtp2133655103-27 - /js/plugins.js] DEBUG o.e.jetty.servlet.ServletHandler - servlet ||/js/plugins.js -> org.apache.felix.http.base.internal.DispatcherServlet-235ecd9f
13:55:54.593 [qtp2133655103-27 - /js/plugins.js] DEBUG o.e.jetty.servlet.ServletHandler - chain=null
13:55:54.594 [qtp2133655103-28] DEBUG org.eclipse.jetty.http.HttpParser - filled 427/427
13:55:54.596 [qtp2133655103-25 - /css/main.css] DEBUG org.eclipse.jetty.server.Server - RESPONSE /css/main.css  200 handled=true
13:55:54.597 [qtp2133655103-25] DEBUG o.e.jetty.server.AsyncHttpConnection - Enabled read interest SCEP@65de00b7{l(/0:0:0:0:0:0:0:1:55463)<->r(/0:0:0:0:0:0:0:1:8080),s=1,open=true,ishut=false,oshut=false,rb=false,wb=false,w=true,i=4w}-{AsyncHttpConnection@515a5583,g=HttpGenerator{s=4,h=0,b=0,c=-1},p=HttpParser{s=0,l=35,c=0},r=2}
13:55:54.597 [qtp2133655103-25] DEBUG org.eclipse.jetty.http.HttpParser - filled 0/0
13:55:54.598 [qtp2133655103-28 - /settings/assets/js/script.js] DEBUG org.eclipse.jetty.server.Server - REQUEST /settings/assets/js/script.js on AsyncHttpConnection@47f4685a,g=HttpGenerator{s=0,h=-1,b=-1,c=-1},p=HttpParser{s=-5,l=35,c=0},r=1
13:55:54.599 [qtp2133655103-28 - /settings/assets/js/script.js] DEBUG o.e.j.server.handler.ContextHandler - scope null||/settings/assets/js/script.js @ o.e.j.s.ServletContextHandler{/,null}
13:55:54.599 [qtp2133655103-28 - /settings/assets/js/script.js] DEBUG o.e.j.server.handler.ContextHandler - context=||/settings/assets/js/script.js @ o.e.j.s.ServletContextHandler{/,null}
13:55:54.599 [qtp2133655103-28 - /settings/assets/js/script.js] DEBUG org.eclipse.jetty.server.session - sessionManager=org.eclipse.jetty.server.session.HashSessionManager@39d76cb5
13:55:54.599 [qtp2133655103-28 - /settings/assets/js/script.js] DEBUG org.eclipse.jetty.server.session - session=null
13:55:54.599 [qtp2133655103-28 - /settings/assets/js/script.js] DEBUG o.e.jetty.servlet.ServletHandler - servlet ||/settings/assets/js/script.js -> org.apache.felix.http.base.internal.DispatcherServlet-235ecd9f
13:55:54.599 [qtp2133655103-28 - /settings/assets/js/script.js] DEBUG o.e.jetty.servlet.ServletHandler - chain=null
13:55:54.600 [qtp2133655103-28 - /settings/assets/js/script.js] DEBUG o.f.runtime.ui.server.PageServlet - Other file found for assets/js/script.js
13:55:54.601 [qtp2133655103-28 - /settings/assets/js/script.js] DEBUG org.eclipse.jetty.server.Server - RESPONSE /settings/assets/js/script.js  200 handled=true
13:55:54.601 [qtp2133655103-24 - /js/vendor/jquery.min.js] DEBUG org.eclipse.jetty.server.Server - RESPONSE /js/vendor/jquery.min.js  200 handled=true
13:55:54.603 [qtp2133655103-28] DEBUG o.e.jetty.server.AsyncHttpConnection - Enabled read interest SCEP@1abc49db{l(/0:0:0:0:0:0:0:1:55467)<->r(/0:0:0:0:0:0:0:1:8080),s=1,open=true,ishut=false,oshut=false,rb=false,wb=false,w=true,i=0r}-{AsyncHttpConnection@47f4685a,g=HttpGenerator{s=4,h=0,b=0,c=-1},p=HttpParser{s=0,l=35,c=0},r=1}
13:55:54.604 [qtp2133655103-28] DEBUG org.eclipse.jetty.http.HttpParser - filled 0/0
13:55:54.604 [qtp2133655103-24] DEBUG o.e.jetty.server.AsyncHttpConnection - Enabled read interest SCEP@54464223{l(/0:0:0:0:0:0:0:1:55464)<->r(/0:0:0:0:0:0:0:1:8080),s=1,open=true,ishut=false,oshut=false,rb=false,wb=false,w=true,i=4w}-{AsyncHttpConnection@41083ba4,g=HttpGenerator{s=4,h=0,b=0,c=-1},p=HttpParser{s=0,l=35,c=0},r=1}
13:55:54.605 [qtp2133655103-24] DEBUG org.eclipse.jetty.http.HttpParser - filled 0/0
13:55:54.607 [qtp2133655103-26 - /js/vendor/jquery-ui.min.js] DEBUG org.eclipse.jetty.server.Server - RESPONSE /js/vendor/jquery-ui.min.js  200 handled=true
13:55:54.608 [qtp2133655103-26] DEBUG o.e.jetty.server.AsyncHttpConnection - Enabled read interest SCEP@401f9bb5{l(/0:0:0:0:0:0:0:1:55465)<->r(/0:0:0:0:0:0:0:1:8080),s=1,open=true,ishut=false,oshut=false,rb=false,wb=false,w=true,i=4w}-{AsyncHttpConnection@26ae8ecf,g=HttpGenerator{s=4,h=0,b=0,c=-1},p=HttpParser{s=0,l=35,c=0},r=1}
13:55:54.608 [qtp2133655103-26] DEBUG org.eclipse.jetty.http.HttpParser - filled 0/0
13:55:54.612 [qtp2133655103-22 Selector0] DEBUG org.eclipse.jetty.io.nio - created SCEP@4438c55e{l(/0:0:0:0:0:0:0:1:55468)<->r(/0:0:0:0:0:0:0:1:8080),s=0,open=true,ishut=false,oshut=false,rb=false,wb=false,w=true,i=0}-{AsyncHttpConnection@3cb2be93,g=HttpGenerator{s=0,h=-1,b=-1,c=-1},p=HttpParser{s=-14,l=0,c=0},r=0}
13:55:54.613 [qtp2133655103-23] DEBUG org.eclipse.jetty.http.HttpParser - filled 443/443
13:55:54.615 [qtp2133655103-27 - /js/plugins.js] DEBUG org.eclipse.jetty.server.Server - RESPONSE /js/plugins.js  200 handled=true
13:55:54.615 [qtp2133655103-27] DEBUG o.e.jetty.server.AsyncHttpConnection - Enabled read interest SCEP@86aaff1{l(/0:0:0:0:0:0:0:1:55466)<->r(/0:0:0:0:0:0:0:1:8080),s=1,open=true,ishut=false,oshut=false,rb=false,wb=false,w=true,i=4w}-{AsyncHttpConnection@34945f7a,g=HttpGenerator{s=4,h=0,b=0,c=-1},p=HttpParser{s=0,l=35,c=0},r=1}
13:55:54.616 [qtp2133655103-27] DEBUG org.eclipse.jetty.http.HttpParser - filled 0/0
13:55:54.617 [qtp2133655103-23 - /settings/assets/css/style.css] DEBUG org.eclipse.jetty.server.Server - REQUEST /settings/assets/css/style.css on AsyncHttpConnection@3cb2be93,g=HttpGenerator{s=0,h=-1,b=-1,c=-1},p=HttpParser{s=-5,l=35,c=0},r=1
13:55:54.617 [qtp2133655103-23 - /settings/assets/css/style.css] DEBUG o.e.j.server.handler.ContextHandler - scope null||/settings/assets/css/style.css @ o.e.j.s.ServletContextHandler{/,null}
13:55:54.617 [qtp2133655103-23 - /settings/assets/css/style.css] DEBUG o.e.j.server.handler.ContextHandler - context=||/settings/assets/css/style.css @ o.e.j.s.ServletContextHandler{/,null}
13:55:54.617 [qtp2133655103-23 - /settings/assets/css/style.css] DEBUG org.eclipse.jetty.server.session - sessionManager=org.eclipse.jetty.server.session.HashSessionManager@39d76cb5
13:55:54.617 [qtp2133655103-23 - /settings/assets/css/style.css] DEBUG org.eclipse.jetty.server.session - session=null
13:55:54.617 [qtp2133655103-23 - /settings/assets/css/style.css] DEBUG o.e.jetty.servlet.ServletHandler - servlet ||/settings/assets/css/style.css -> org.apache.felix.http.base.internal.DispatcherServlet-235ecd9f
13:55:54.617 [qtp2133655103-23 - /settings/assets/css/style.css] DEBUG o.e.jetty.servlet.ServletHandler - chain=null
13:55:54.618 [qtp2133655103-23 - /settings/assets/css/style.css] DEBUG o.f.runtime.ui.server.PageServlet - Other file found for assets/css/style.css
13:55:54.622 [qtp2133655103-23 - /settings/assets/css/style.css] DEBUG org.eclipse.jetty.server.Server - RESPONSE /settings/assets/css/style.css  200 handled=true
13:55:54.623 [qtp2133655103-23] DEBUG o.e.jetty.server.AsyncHttpConnection - Enabled read interest SCEP@4438c55e{l(/0:0:0:0:0:0:0:1:55468)<->r(/0:0:0:0:0:0:0:1:8080),s=1,open=true,ishut=false,oshut=false,rb=false,wb=false,w=true,i=0r}-{AsyncHttpConnection@3cb2be93,g=HttpGenerator{s=4,h=0,b=0,c=-1},p=HttpParser{s=0,l=35,c=0},r=1}
13:55:54.624 [qtp2133655103-23] DEBUG org.eclipse.jetty.http.HttpParser - filled 0/0
13:55:54.806 [qtp2133655103-25] DEBUG org.eclipse.jetty.http.HttpParser - filled 424/424
13:55:54.806 [qtp2133655103-28] DEBUG org.eclipse.jetty.http.HttpParser - filled 419/419
13:55:54.806 [qtp2133655103-24] DEBUG org.eclipse.jetty.http.HttpParser - filled 426/426
13:55:54.807 [qtp2133655103-27] DEBUG org.eclipse.jetty.http.HttpParser - filled 427/427
13:55:54.807 [qtp2133655103-28 - /css/fonts/dincond-bold.woff] DEBUG org.eclipse.jetty.server.Server - REQUEST /css/fonts/dincond-bold.woff on AsyncHttpConnection@26ae8ecf,g=HttpGenerator{s=0,h=-1,b=-1,c=-1},p=HttpParser{s=-5,l=35,c=0},r=2
13:55:54.807 [qtp2133655103-28 - /css/fonts/dincond-bold.woff] DEBUG o.e.j.server.handler.ContextHandler - scope null||/css/fonts/dincond-bold.woff @ o.e.j.s.ServletContextHandler{/,null}
13:55:54.807 [qtp2133655103-28 - /css/fonts/dincond-bold.woff] DEBUG o.e.j.server.handler.ContextHandler - context=||/css/fonts/dincond-bold.woff @ o.e.j.s.ServletContextHandler{/,null}
13:55:54.807 [qtp2133655103-25 - /img/bg_body.png] DEBUG org.eclipse.jetty.server.Server - REQUEST /img/bg_body.png on AsyncHttpConnection@3cb2be93,g=HttpGenerator{s=0,h=-1,b=-1,c=-1},p=HttpParser{s=-5,l=35,c=0},r=2
13:55:54.807 [qtp2133655103-27 - /img/arrow_left.png] DEBUG org.eclipse.jetty.server.Server - REQUEST /img/arrow_left.png on AsyncHttpConnection@47f4685a,g=HttpGenerator{s=0,h=-1,b=-1,c=-1},p=HttpParser{s=-5,l=35,c=0},r=2
13:55:54.807 [qtp2133655103-28 - /css/fonts/dincond-bold.woff] DEBUG org.eclipse.jetty.server.session - sessionManager=org.eclipse.jetty.server.session.HashSessionManager@39d76cb5
13:55:54.807 [qtp2133655103-25 - /img/bg_body.png] DEBUG o.e.j.server.handler.ContextHandler - scope null||/img/bg_body.png @ o.e.j.s.ServletContextHandler{/,null}
13:55:54.807 [qtp2133655103-28 - /css/fonts/dincond-bold.woff] DEBUG org.eclipse.jetty.server.session - session=null
13:55:54.807 [qtp2133655103-27 - /img/arrow_left.png] DEBUG o.e.j.server.handler.ContextHandler - scope null||/img/arrow_left.png @ o.e.j.s.ServletContextHandler{/,null}
13:55:54.807 [qtp2133655103-24 - /img/logo_flex.png] DEBUG org.eclipse.jetty.server.Server - REQUEST /img/logo_flex.png on AsyncHttpConnection@34945f7a,g=HttpGenerator{s=0,h=-1,b=-1,c=-1},p=HttpParser{s=-5,l=35,c=0},r=2
13:55:54.807 [qtp2133655103-25 - /img/bg_body.png] DEBUG o.e.j.server.handler.ContextHandler - context=||/img/bg_body.png @ o.e.j.s.ServletContextHandler{/,null}
13:55:54.807 [qtp2133655103-28 - /css/fonts/dincond-bold.woff] DEBUG o.e.jetty.servlet.ServletHandler - servlet ||/css/fonts/dincond-bold.woff -> org.apache.felix.http.base.internal.DispatcherServlet-235ecd9f
13:55:54.808 [qtp2133655103-27 - /img/arrow_left.png] DEBUG o.e.j.server.handler.ContextHandler - context=||/img/arrow_left.png @ o.e.j.s.ServletContextHandler{/,null}
13:55:54.808 [qtp2133655103-24 - /img/logo_flex.png] DEBUG o.e.j.server.handler.ContextHandler - scope null||/img/logo_flex.png @ o.e.j.s.ServletContextHandler{/,null}
13:55:54.808 [qtp2133655103-25 - /img/bg_body.png] DEBUG org.eclipse.jetty.server.session - sessionManager=org.eclipse.jetty.server.session.HashSessionManager@39d76cb5
13:55:54.808 [qtp2133655103-28 - /css/fonts/dincond-bold.woff] DEBUG o.e.jetty.servlet.ServletHandler - chain=null
13:55:54.808 [qtp2133655103-27 - /img/arrow_left.png] DEBUG org.eclipse.jetty.server.session - sessionManager=org.eclipse.jetty.server.session.HashSessionManager@39d76cb5
13:55:54.808 [qtp2133655103-24 - /img/logo_flex.png] DEBUG o.e.j.server.handler.ContextHandler - context=||/img/logo_flex.png @ o.e.j.s.ServletContextHandler{/,null}
13:55:54.808 [qtp2133655103-25 - /img/bg_body.png] DEBUG org.eclipse.jetty.server.session - session=null
13:55:54.808 [qtp2133655103-27 - /img/arrow_left.png] DEBUG org.eclipse.jetty.server.session - session=null
13:55:54.808 [qtp2133655103-24 - /img/logo_flex.png] DEBUG org.eclipse.jetty.server.session - sessionManager=org.eclipse.jetty.server.session.HashSessionManager@39d76cb5
13:55:54.808 [qtp2133655103-25 - /img/bg_body.png] DEBUG o.e.jetty.servlet.ServletHandler - servlet ||/img/bg_body.png -> org.apache.felix.http.base.internal.DispatcherServlet-235ecd9f
13:55:54.808 [qtp2133655103-27 - /img/arrow_left.png] DEBUG o.e.jetty.servlet.ServletHandler - servlet ||/img/arrow_left.png -> org.apache.felix.http.base.internal.DispatcherServlet-235ecd9f
13:55:54.808 [qtp2133655103-24 - /img/logo_flex.png] DEBUG org.eclipse.jetty.server.session - session=null
13:55:54.808 [qtp2133655103-25 - /img/bg_body.png] DEBUG o.e.jetty.servlet.ServletHandler - chain=null
13:55:54.809 [qtp2133655103-27 - /img/arrow_left.png] DEBUG o.e.jetty.servlet.ServletHandler - chain=null
13:55:54.809 [qtp2133655103-24 - /img/logo_flex.png] DEBUG o.e.jetty.servlet.ServletHandler - servlet ||/img/logo_flex.png -> org.apache.felix.http.base.internal.DispatcherServlet-235ecd9f
13:55:54.809 [qtp2133655103-24 - /img/logo_flex.png] DEBUG o.e.jetty.servlet.ServletHandler - chain=null
13:55:54.809 [qtp2133655103-23] DEBUG org.eclipse.jetty.http.HttpParser - filled 434/434
13:55:54.809 [qtp2133655103-28 - /css/fonts/dincond-bold.woff] DEBUG org.eclipse.jetty.server.Server - RESPONSE /css/fonts/dincond-bold.woff  200 handled=true
13:55:54.810 [qtp2133655103-25 - /img/bg_body.png] DEBUG org.eclipse.jetty.server.Server - RESPONSE /img/bg_body.png  200 handled=true
13:55:54.810 [qtp2133655103-27 - /img/arrow_left.png] DEBUG org.eclipse.jetty.server.Server - RESPONSE /img/arrow_left.png  200 handled=true
13:55:54.811 [qtp2133655103-23 - /img/footer_nav_active.png] DEBUG org.eclipse.jetty.server.Server - REQUEST /img/footer_nav_active.png on AsyncHttpConnection@41083ba4,g=HttpGenerator{s=0,h=-1,b=-1,c=-1},p=HttpParser{s=-5,l=35,c=0},r=2
13:55:54.811 [qtp2133655103-26] DEBUG org.eclipse.jetty.http.HttpParser - filled 427/427
13:55:54.811 [qtp2133655103-24 - /img/logo_flex.png] DEBUG org.eclipse.jetty.server.Server - RESPONSE /img/logo_flex.png  200 handled=true
13:55:54.813 [qtp2133655103-28] DEBUG o.e.jetty.server.AsyncHttpConnection - Enabled read interest SCEP@401f9bb5{l(/0:0:0:0:0:0:0:1:55465)<->r(/0:0:0:0:0:0:0:1:8080),s=1,open=true,ishut=false,oshut=false,rb=false,wb=false,w=true,i=1r}-{AsyncHttpConnection@26ae8ecf,g=HttpGenerator{s=4,h=0,b=0,c=-1},p=HttpParser{s=0,l=35,c=0},r=2}
13:55:54.813 [qtp2133655103-25] DEBUG o.e.jetty.server.AsyncHttpConnection - Enabled read interest SCEP@4438c55e{l(/0:0:0:0:0:0:0:1:55468)<->r(/0:0:0:0:0:0:0:1:8080),s=1,open=true,ishut=false,oshut=false,rb=false,wb=false,w=true,i=1r}-{AsyncHttpConnection@3cb2be93,g=HttpGenerator{s=4,h=0,b=0,c=-1},p=HttpParser{s=0,l=35,c=0},r=2}
13:55:54.814 [qtp2133655103-27] DEBUG o.e.jetty.server.AsyncHttpConnection - Enabled read interest SCEP@1abc49db{l(/0:0:0:0:0:0:0:1:55467)<->r(/0:0:0:0:0:0:0:1:8080),s=1,open=true,ishut=false,oshut=false,rb=false,wb=false,w=true,i=1r}-{AsyncHttpConnection@47f4685a,g=HttpGenerator{s=4,h=0,b=0,c=-1},p=HttpParser{s=0,l=35,c=0},r=2}
13:55:54.814 [qtp2133655103-23 - /img/footer_nav_active.png] DEBUG o.e.j.server.handler.ContextHandler - scope null||/img/footer_nav_active.png @ o.e.j.s.ServletContextHandler{/,null}
13:55:54.814 [qtp2133655103-24] DEBUG o.e.jetty.server.AsyncHttpConnection - Enabled read interest SCEP@86aaff1{l(/0:0:0:0:0:0:0:1:55466)<->r(/0:0:0:0:0:0:0:1:8080),s=1,open=true,ishut=false,oshut=false,rb=false,wb=false,w=true,i=1r}-{AsyncHttpConnection@34945f7a,g=HttpGenerator{s=4,h=0,b=0,c=-1},p=HttpParser{s=0,l=35,c=0},r=2}
13:55:54.814 [qtp2133655103-26 - /img/footer_nav.png] DEBUG org.eclipse.jetty.server.Server - REQUEST /img/footer_nav.png on AsyncHttpConnection@515a5583,g=HttpGenerator{s=0,h=-1,b=-1,c=-1},p=HttpParser{s=-5,l=35,c=0},r=3
13:55:54.814 [qtp2133655103-28] DEBUG org.eclipse.jetty.http.HttpParser - filled 0/0
13:55:54.814 [qtp2133655103-25] DEBUG org.eclipse.jetty.http.HttpParser - filled 0/0
13:55:54.814 [qtp2133655103-23 - /img/footer_nav_active.png] DEBUG o.e.j.server.handler.ContextHandler - context=||/img/footer_nav_active.png @ o.e.j.s.ServletContextHandler{/,null}
13:55:54.815 [qtp2133655103-27] DEBUG org.eclipse.jetty.http.HttpParser - filled 0/0
13:55:54.815 [qtp2133655103-24] DEBUG org.eclipse.jetty.http.HttpParser - filled 0/0
13:55:54.815 [qtp2133655103-26 - /img/footer_nav.png] DEBUG o.e.j.server.handler.ContextHandler - scope null||/img/footer_nav.png @ o.e.j.s.ServletContextHandler{/,null}
13:55:54.815 [qtp2133655103-23 - /img/footer_nav_active.png] DEBUG org.eclipse.jetty.server.session - sessionManager=org.eclipse.jetty.server.session.HashSessionManager@39d76cb5
13:55:54.815 [qtp2133655103-26 - /img/footer_nav.png] DEBUG o.e.j.server.handler.ContextHandler - context=||/img/footer_nav.png @ o.e.j.s.ServletContextHandler{/,null}
13:55:54.815 [qtp2133655103-23 - /img/footer_nav_active.png] DEBUG org.eclipse.jetty.server.session - session=null
13:55:54.815 [qtp2133655103-26 - /img/footer_nav.png] DEBUG org.eclipse.jetty.server.session - sessionManager=org.eclipse.jetty.server.session.HashSessionManager@39d76cb5
13:55:54.816 [qtp2133655103-23 - /img/footer_nav_active.png] DEBUG o.e.jetty.servlet.ServletHandler - servlet ||/img/footer_nav_active.png -> org.apache.felix.http.base.internal.DispatcherServlet-235ecd9f
13:55:54.816 [qtp2133655103-26 - /img/footer_nav.png] DEBUG org.eclipse.jetty.server.session - session=null
13:55:54.816 [qtp2133655103-23 - /img/footer_nav_active.png] DEBUG o.e.jetty.servlet.ServletHandler - chain=null
13:55:54.816 [qtp2133655103-26 - /img/footer_nav.png] DEBUG o.e.jetty.servlet.ServletHandler - servlet ||/img/footer_nav.png -> org.apache.felix.http.base.internal.DispatcherServlet-235ecd9f
13:55:54.816 [qtp2133655103-26 - /img/footer_nav.png] DEBUG o.e.jetty.servlet.ServletHandler - chain=null
13:55:54.817 [qtp2133655103-23 - /img/footer_nav_active.png] DEBUG org.eclipse.jetty.server.Server - RESPONSE /img/footer_nav_active.png  200 handled=true
13:55:54.817 [qtp2133655103-26 - /img/footer_nav.png] DEBUG org.eclipse.jetty.server.Server - RESPONSE /img/footer_nav.png  200 handled=true
13:55:54.817 [qtp2133655103-23] DEBUG o.e.jetty.server.AsyncHttpConnection - Enabled read interest SCEP@54464223{l(/0:0:0:0:0:0:0:1:55464)<->r(/0:0:0:0:0:0:0:1:8080),s=1,open=true,ishut=false,oshut=false,rb=false,wb=false,w=true,i=1r}-{AsyncHttpConnection@41083ba4,g=HttpGenerator{s=4,h=0,b=0,c=-1},p=HttpParser{s=0,l=35,c=0},r=2}
13:55:54.817 [qtp2133655103-26] DEBUG o.e.jetty.server.AsyncHttpConnection - Enabled read interest SCEP@65de00b7{l(/0:0:0:0:0:0:0:1:55463)<->r(/0:0:0:0:0:0:0:1:8080),s=1,open=true,ishut=false,oshut=false,rb=false,wb=false,w=true,i=1r}-{AsyncHttpConnection@515a5583,g=HttpGenerator{s=4,h=0,b=0,c=-1},p=HttpParser{s=0,l=35,c=0},r=3}
13:55:54.817 [qtp2133655103-23] DEBUG org.eclipse.jetty.http.HttpParser - filled 0/0
13:55:54.817 [qtp2133655103-26] DEBUG org.eclipse.jetty.http.HttpParser - filled 0/0
13:55:54.860 [qtp2133655103-28] DEBUG org.eclipse.jetty.http.HttpParser - filled 622/622
13:55:54.863 [qtp2133655103-28 - /settings/loadConfigurableComponents] DEBUG org.eclipse.jetty.server.Server - REQUEST /settings/loadConfigurableComponents on AsyncHttpConnection@3cb2be93,g=HttpGenerator{s=0,h=-1,b=-1,c=-1},p=HttpParser{s=2,l=35,c=2},r=3
13:55:54.863 [qtp2133655103-28 - /settings/loadConfigurableComponents] DEBUG o.e.j.server.handler.ContextHandler - scope null||/settings/loadConfigurableComponents @ o.e.j.s.ServletContextHandler{/,null}
13:55:54.864 [qtp2133655103-28 - /settings/loadConfigurableComponents] DEBUG o.e.j.server.handler.ContextHandler - context=||/settings/loadConfigurableComponents @ o.e.j.s.ServletContextHandler{/,null}
13:55:54.864 [qtp2133655103-28 - /settings/loadConfigurableComponents] DEBUG org.eclipse.jetty.server.session - sessionManager=org.eclipse.jetty.server.session.HashSessionManager@39d76cb5
13:55:54.864 [qtp2133655103-28 - /settings/loadConfigurableComponents] DEBUG org.eclipse.jetty.server.session - session=null
13:55:54.864 [qtp2133655103-28 - /settings/loadConfigurableComponents] DEBUG o.e.jetty.servlet.ServletHandler - servlet ||/settings/loadConfigurableComponents -> org.apache.felix.http.base.internal.DispatcherServlet-235ecd9f
13:55:54.864 [qtp2133655103-28 - /settings/loadConfigurableComponents] DEBUG o.e.jetty.servlet.ServletHandler - chain=null
13:55:54.865 [qtp2133655103-28 - /settings/loadConfigurableComponents] DEBUG o.f.runtime.ui.server.PageServlet - No such file, calling method loadConfigurableComponents
13:55:54.877 [qtp2133655103-25] DEBUG org.eclipse.jetty.http.HttpParser - filled 433/433
13:55:54.878 [qtp2133655103-25 - /settings/menu.png] DEBUG org.eclipse.jetty.server.Server - REQUEST /settings/menu.png on AsyncHttpConnection@34945f7a,g=HttpGenerator{s=0,h=-1,b=-1,c=-1},p=HttpParser{s=-5,l=35,c=0},r=3
13:55:54.878 [qtp2133655103-25 - /settings/menu.png] DEBUG o.e.j.server.handler.ContextHandler - scope null||/settings/menu.png @ o.e.j.s.ServletContextHandler{/,null}
13:55:54.878 [qtp2133655103-25 - /settings/menu.png] DEBUG o.e.j.server.handler.ContextHandler - context=||/settings/menu.png @ o.e.j.s.ServletContextHandler{/,null}
13:55:54.878 [qtp2133655103-25 - /settings/menu.png] DEBUG org.eclipse.jetty.server.session - sessionManager=org.eclipse.jetty.server.session.HashSessionManager@39d76cb5
13:55:54.878 [qtp2133655103-25 - /settings/menu.png] DEBUG org.eclipse.jetty.server.session - session=null
13:55:54.878 [qtp2133655103-25 - /settings/menu.png] DEBUG o.e.jetty.servlet.ServletHandler - servlet ||/settings/menu.png -> org.apache.felix.http.base.internal.DispatcherServlet-235ecd9f
13:55:54.878 [qtp2133655103-25 - /settings/menu.png] DEBUG o.e.jetty.servlet.ServletHandler - chain=null
13:55:54.879 [qtp2133655103-25 - /settings/menu.png] DEBUG o.f.runtime.ui.server.PageServlet - Other file found for menu.png
13:55:54.880 [qtp2133655103-25 - /settings/menu.png] DEBUG org.eclipse.jetty.server.Server - RESPONSE /settings/menu.png  200 handled=true
13:55:54.881 [qtp2133655103-25] DEBUG o.e.jetty.server.AsyncHttpConnection - Enabled read interest SCEP@86aaff1{l(/0:0:0:0:0:0:0:1:55466)<->r(/0:0:0:0:0:0:0:1:8080),s=1,open=true,ishut=false,oshut=false,rb=false,wb=false,w=true,i=1r}-{AsyncHttpConnection@34945f7a,g=HttpGenerator{s=4,h=0,b=0,c=-1},p=HttpParser{s=0,l=35,c=0},r=3}
13:55:54.881 [qtp2133655103-25] DEBUG org.eclipse.jetty.http.HttpParser - filled 0/0
13:55:54.889 [qtp2133655103-27] DEBUG org.eclipse.jetty.http.HttpParser - filled 434/434
13:55:54.890 [qtp2133655103-27 - /dashboard/menu.png] DEBUG org.eclipse.jetty.server.Server - REQUEST /dashboard/menu.png on AsyncHttpConnection@26ae8ecf,g=HttpGenerator{s=0,h=-1,b=-1,c=-1},p=HttpParser{s=-5,l=35,c=0},r=3
13:55:54.890 [qtp2133655103-27 - /dashboard/menu.png] DEBUG o.e.j.server.handler.ContextHandler - scope null||/dashboard/menu.png @ o.e.j.s.ServletContextHandler{/,null}
13:55:54.890 [qtp2133655103-27 - /dashboard/menu.png] DEBUG o.e.j.server.handler.ContextHandler - context=||/dashboard/menu.png @ o.e.j.s.ServletContextHandler{/,null}
13:55:54.890 [qtp2133655103-27 - /dashboard/menu.png] DEBUG org.eclipse.jetty.server.session - sessionManager=org.eclipse.jetty.server.session.HashSessionManager@39d76cb5
13:55:54.890 [qtp2133655103-27 - /dashboard/menu.png] DEBUG org.eclipse.jetty.server.session - session=null
13:55:54.890 [qtp2133655103-27 - /dashboard/menu.png] DEBUG o.e.jetty.servlet.ServletHandler - servlet ||/dashboard/menu.png -> org.apache.felix.http.base.internal.DispatcherServlet-235ecd9f
13:55:54.890 [qtp2133655103-27 - /dashboard/menu.png] DEBUG o.e.jetty.servlet.ServletHandler - chain=null
13:55:54.891 [qtp2133655103-27 - /dashboard/menu.png] DEBUG o.f.runtime.ui.server.PageServlet - Other file found for menu.png
13:55:54.892 [qtp2133655103-27 - /dashboard/menu.png] DEBUG org.eclipse.jetty.server.Server - RESPONSE /dashboard/menu.png  200 handled=true
13:55:54.893 [qtp2133655103-27] DEBUG o.e.jetty.server.AsyncHttpConnection - Enabled read interest SCEP@401f9bb5{l(/0:0:0:0:0:0:0:1:55465)<->r(/0:0:0:0:0:0:0:1:8080),s=1,open=true,ishut=false,oshut=false,rb=false,wb=false,w=true,i=1r}-{AsyncHttpConnection@26ae8ecf,g=HttpGenerator{s=4,h=0,b=0,c=-1},p=HttpParser{s=0,l=35,c=0},r=3}
13:55:54.893 [qtp2133655103-27] DEBUG org.eclipse.jetty.http.HttpParser - filled 0/0
13:55:54.900 [qtp2133655103-24] DEBUG org.eclipse.jetty.http.HttpParser - filled 440/440
13:55:54.901 [qtp2133655103-24 - /connectionspage/menu.png] DEBUG org.eclipse.jetty.server.Server - REQUEST /connectionspage/menu.png on AsyncHttpConnection@41083ba4,g=HttpGenerator{s=0,h=-1,b=-1,c=-1},p=HttpParser{s=-5,l=35,c=0},r=3
13:55:54.901 [qtp2133655103-24 - /connectionspage/menu.png] DEBUG o.e.j.server.handler.ContextHandler - scope null||/connectionspage/menu.png @ o.e.j.s.ServletContextHandler{/,null}
13:55:54.901 [qtp2133655103-24 - /connectionspage/menu.png] DEBUG o.e.j.server.handler.ContextHandler - context=||/connectionspage/menu.png @ o.e.j.s.ServletContextHandler{/,null}
13:55:54.901 [qtp2133655103-24 - /connectionspage/menu.png] DEBUG org.eclipse.jetty.server.session - sessionManager=org.eclipse.jetty.server.session.HashSessionManager@39d76cb5
13:55:54.901 [qtp2133655103-24 - /connectionspage/menu.png] DEBUG org.eclipse.jetty.server.session - session=null
13:55:54.901 [qtp2133655103-24 - /connectionspage/menu.png] DEBUG o.e.jetty.servlet.ServletHandler - servlet ||/connectionspage/menu.png -> org.apache.felix.http.base.internal.DispatcherServlet-235ecd9f
13:55:54.901 [qtp2133655103-24 - /connectionspage/menu.png] DEBUG o.e.jetty.servlet.ServletHandler - chain=null
13:55:54.902 [qtp2133655103-24 - /connectionspage/menu.png] DEBUG o.f.runtime.ui.server.PageServlet - Other file found for menu.png
13:55:54.902 [qtp2133655103-24 - /connectionspage/menu.png] DEBUG org.eclipse.jetty.server.Server - RESPONSE /connectionspage/menu.png  200 handled=true
13:55:54.902 [qtp2133655103-24] DEBUG o.e.jetty.server.AsyncHttpConnection - Enabled read interest SCEP@54464223{l(/0:0:0:0:0:0:0:1:55464)<->r(/0:0:0:0:0:0:0:1:8080),s=1,open=true,ishut=false,oshut=false,rb=false,wb=false,w=true,i=1r}-{AsyncHttpConnection@41083ba4,g=HttpGenerator{s=4,h=0,b=0,c=-1},p=HttpParser{s=0,l=35,c=0},r=3}
13:55:54.903 [qtp2133655103-24] DEBUG org.eclipse.jetty.http.HttpParser - filled 0/0
13:55:54.914 [qtp2133655103-28 - /settings/loadConfigurableComponents] INFO  o.f.r.u.s.pages.ConfigurationPage - Getting bundles.
OCD Name [org.flexiblepower.felix.webconsole.plugins.TestEndpoint] = Test endpoint config
13:55:54.965 [qtp2133655103-28 - /settings/loadConfigurableComponents] INFO  o.f.r.u.s.pages.ConfigurationPage - ConfigurationConfiguration PID=org.flexiblepower.felix.webconsole.plugins.TestEndpoint, factoryPID=null, bundleLocation=reference:file:/Users/Malcolm/fpai/core-own-fork/flexiblepower.felix.webconsole.plugins/generated/flexiblepower.felix.webconsole.plugins.jar
13:55:54.966 [qtp2133655103-28 - /settings/loadConfigurableComponents] INFO  o.f.r.u.s.pages.ConfigurationPage - Configurationsnull
OCD Name [org.flexiblepower.runtime.messaging.ConnectionManagerImpl] = Connection manager impl config
13:55:55.009 [qtp2133655103-28 - /settings/loadConfigurableComponents] INFO  o.f.r.u.s.pages.ConfigurationPage - ConfigurationConfiguration PID=org.flexiblepower.runtime.messaging.ConnectionManagerImpl, factoryPID=null, bundleLocation=reference:file:/Users/Malcolm/fpai/core-own-fork/flexiblepower.runtime/generated/flexiblepower.runtime.jar
13:55:55.010 [qtp2133655103-28 - /settings/loadConfigurableComponents] INFO  o.f.r.u.s.pages.ConfigurationPage - Configurationsnull
OCD Name [org.flexiblepower.runtime.ui.server.pages.ConfigurationPage] = Settings Configuration Page
13:55:55.029 [qtp2133655103-28 - /settings/loadConfigurableComponents] INFO  o.f.r.u.s.pages.ConfigurationPage - ConfigurationConfiguration PID=org.flexiblepower.runtime.ui.server.pages.ConfigurationPage, factoryPID=null, bundleLocation=reference:file:/Users/Malcolm/fpai/core-own-fork/flexiblepower.ui/generated/flexiblepower.ui.jar
13:55:55.029 [qtp2133655103-28 - /settings/loadConfigurableComponents] INFO  o.f.r.u.s.pages.ConfigurationPage - Configurationsnull
OCD Name [org.flexiblepower.runtime.ui.user.UserSessionHttpContext] = User session management configuration
13:55:55.034 [qtp2133655103-28 - /settings/loadConfigurableComponents] INFO  o.f.r.u.s.pages.ConfigurationPage - ConfigurationConfiguration PID=org.flexiblepower.runtime.ui.user.UserSessionHttpContext, factoryPID=null, bundleLocation=reference:file:/Users/Malcolm/fpai/core-own-fork/flexiblepower.ui/generated/flexiblepower.ui.jar
13:55:55.034 [qtp2133655103-28 - /settings/loadConfigurableComponents] INFO  o.f.r.u.s.pages.ConfigurationPage - Configurationsnull
OCD Name [org.flexiblepower.runtime.ui.server.pages.DashboardPage] = Dashboard Configuration
13:55:55.035 [qtp2133655103-28 - /settings/loadConfigurableComponents] INFO  o.f.r.u.s.pages.ConfigurationPage - ConfigurationConfiguration PID=org.flexiblepower.runtime.ui.server.pages.DashboardPage, factoryPID=null, bundleLocation=reference:file:/Users/Malcolm/fpai/core-own-fork/flexiblepower.ui/generated/flexiblepower.ui.jar
13:55:55.036 [qtp2133655103-28 - /settings/loadConfigurableComponents] INFO  o.f.r.u.s.pages.ConfigurationPage - Configurationsnull
OCD Name [org.flexiblepower.runtime.ui.server.pages.Settings] = Settings Widget Configuration
13:55:55.037 [qtp2133655103-28 - /settings/loadConfigurableComponents] INFO  o.f.r.u.s.pages.ConfigurationPage - ConfigurationConfiguration PID=org.flexiblepower.runtime.ui.server.pages.Settings, factoryPID=null, bundleLocation=reference:file:/Users/Malcolm/fpai/core-own-fork/flexiblepower.ui/generated/flexiblepower.ui.jar
13:55:55.037 [qtp2133655103-28 - /settings/loadConfigurableComponents] INFO  o.f.r.u.s.pages.ConfigurationPage - Configurationsnull
OCD Name [org.apache.felix.http] = Apache Felix Jetty Based Http Service
13:55:55.054 [qtp2133655103-28 - /settings/loadConfigurableComponents] INFO  o.f.r.u.s.pages.ConfigurationPage - ConfigurationConfiguration PID=org.apache.felix.http, factoryPID=null, bundleLocation=reference:file:/Users/Malcolm/fpai/core-own-fork/cnf/cache/https%253A%252F%252Fraw.githubusercontent.com%252Fflexiblepower%252Fbundle-hub%252Fsplit-repos%252Frun%252Forg.apache.felix.http.jetty/org.apache.felix.http.jetty-2.3.0.jar
13:55:55.055 [qtp2133655103-28 - /settings/loadConfigurableComponents] INFO  o.f.r.u.s.pages.ConfigurationPage - Configurationsnull
OCD Name [org.apache.felix.scr.ScrService] = Apache Felix Declarative Service Implementation
13:55:55.060 [qtp2133655103-28 - /settings/loadConfigurableComponents] INFO  o.f.r.u.s.pages.ConfigurationPage - ConfigurationConfiguration PID=org.apache.felix.scr.ScrService, factoryPID=null, bundleLocation=reference:file:/Users/Malcolm/fpai/core-own-fork/cnf/cache/https%253A%252F%252Fraw.githubusercontent.com%252Fflexiblepower%252Fbundle-hub%252Fsplit-repos%252Frun%252Forg.apache.felix.scr/org.apache.felix.scr-1.8.2.jar
13:55:55.061 [qtp2133655103-28 - /settings/loadConfigurableComponents] INFO  o.f.r.u.s.pages.ConfigurationPage - Configurationsnull
OCD Name [org.apache.felix.webconsole.internal.servlet.OsgiManager] = Apache Felix OSGi Management Console
13:55:55.074 [qtp2133655103-28 - /settings/loadConfigurableComponents] INFO  o.f.r.u.s.pages.ConfigurationPage - ConfigurationConfiguration PID=org.apache.felix.webconsole.internal.servlet.OsgiManager, factoryPID=null, bundleLocation=reference:file:/Users/Malcolm/fpai/core-own-fork/cnf/cache/https%253A%252F%252Fraw.githubusercontent.com%252Fflexiblepower%252Fbundle-hub%252Fsplit-repos%252Frun%252Forg.apache.felix.webconsole/org.apache.felix.webconsole-4.2.2.jar
13:55:55.074 [qtp2133655103-28 - /settings/loadConfigurableComponents] INFO  o.f.r.u.s.pages.ConfigurationPage - Configurationsnull
13:55:55.128 [qtp2133655103-28 - /settings/loadConfigurableComponents] DEBUG org.eclipse.jetty.server.Server - RESPONSE /settings/loadConfigurableComponents  200 handled=true
13:55:55.208 [qtp2133655103-28] DEBUG o.e.jetty.server.AsyncHttpConnection - Enabled read interest SCEP@4438c55e{l(/0:0:0:0:0:0:0:1:55468)<->r(/0:0:0:0:0:0:0:1:8080),s=1,open=true,ishut=false,oshut=false,rb=false,wb=false,w=true,i=1r}-{AsyncHttpConnection@3cb2be93,g=HttpGenerator{s=4,h=0,b=0,c=-1},p=HttpParser{s=0,l=35,c=2},r=3}
13:55:55.209 [qtp2133655103-28] DEBUG org.eclipse.jetty.http.HttpParser - filled 0/0
13:56:24.873 [qtp2133655103-23] DEBUG org.eclipse.jetty.http.HttpParser - filled 890/890
13:56:24.874 [qtp2133655103-23 - /settings/getConfigurationOptions] DEBUG org.eclipse.jetty.server.Server - REQUEST /settings/getConfigurationOptions on AsyncHttpConnection@3cb2be93,g=HttpGenerator{s=0,h=-1,b=-1,c=-1},p=HttpParser{s=2,l=35,c=271},r=4
13:56:24.875 [qtp2133655103-23 - /settings/getConfigurationOptions] DEBUG o.e.j.server.handler.ContextHandler - scope null||/settings/getConfigurationOptions @ o.e.j.s.ServletContextHandler{/,null}
13:56:24.875 [qtp2133655103-23 - /settings/getConfigurationOptions] DEBUG o.e.j.server.handler.ContextHandler - context=||/settings/getConfigurationOptions @ o.e.j.s.ServletContextHandler{/,null}
13:56:24.875 [qtp2133655103-23 - /settings/getConfigurationOptions] DEBUG org.eclipse.jetty.server.session - sessionManager=org.eclipse.jetty.server.session.HashSessionManager@39d76cb5
13:56:24.875 [qtp2133655103-23 - /settings/getConfigurationOptions] DEBUG org.eclipse.jetty.server.session - session=null
13:56:24.875 [qtp2133655103-23 - /settings/getConfigurationOptions] DEBUG o.e.jetty.servlet.ServletHandler - servlet ||/settings/getConfigurationOptions -> org.apache.felix.http.base.internal.DispatcherServlet-235ecd9f
13:56:24.875 [qtp2133655103-23 - /settings/getConfigurationOptions] DEBUG o.e.jetty.servlet.ServletHandler - chain=null
13:56:24.876 [qtp2133655103-23 - /settings/getConfigurationOptions] DEBUG o.f.runtime.ui.server.PageServlet - No such file, calling method getConfigurationOptions
13:56:24.880 [qtp2133655103-23 - /settings/getConfigurationOptions] INFO  o.f.r.u.s.pages.ConfigurationPage - Passed parameters
13:56:24.880 [qtp2133655103-23 - /settings/getConfigurationOptions] INFO  o.f.r.u.s.pages.ConfigurationPage - metaTypeInformation: org.apache.felix.metatype.internal.MetaTypeInformationImpl@56c00fd6
13:56:24.887 [qtp2133655103-23 - /settings/getConfigurationOptions] DEBUG org.eclipse.jetty.server.Server - RESPONSE /settings/getConfigurationOptions  200 handled=true
13:56:24.888 [qtp2133655103-23] DEBUG o.e.jetty.server.AsyncHttpConnection - Enabled read interest SCEP@4438c55e{l(/0:0:0:0:0:0:0:1:55468)<->r(/0:0:0:0:0:0:0:1:8080),s=1,open=true,ishut=false,oshut=false,rb=false,wb=false,w=true,i=1r}-{AsyncHttpConnection@3cb2be93,g=HttpGenerator{s=4,h=0,b=0,c=-1},p=HttpParser{s=0,l=35,c=271},r=4}
13:56:24.889 [qtp2133655103-23] DEBUG org.eclipse.jetty.http.HttpParser - filled 0/0
13:56:55.151 [qtp2133655103-23] DEBUG o.e.jetty.io.AbstractConnection - onIdleExpired 60246ms AsyncHttpConnection@41083ba4,g=HttpGenerator{s=0,h=-1,b=-1,c=-1},p=HttpParser{s=-14,l=0,c=-3},r=3 SCEP@54464223{l(/0:0:0:0:0:0:0:1:55464)<->r(/0:0:0:0:0:0:0:1:8080),s=0,open=true,ishut=false,oshut=false,rb=false,wb=false,w=true,i=1r}-{AsyncHttpConnection@41083ba4,g=HttpGenerator{s=0,h=-1,b=-1,c=-1},p=HttpParser{s=-14,l=0,c=-3},r=3}
13:56:55.151 [qtp2133655103-28] DEBUG o.e.jetty.io.AbstractConnection - onIdleExpired 60334ms AsyncHttpConnection@47f4685a,g=HttpGenerator{s=0,h=-1,b=-1,c=-1},p=HttpParser{s=-14,l=0,c=-3},r=2 SCEP@1abc49db{l(/0:0:0:0:0:0:0:1:55467)<->r(/0:0:0:0:0:0:0:1:8080),s=0,open=true,ishut=false,oshut=false,rb=false,wb=false,w=true,i=1r}-{AsyncHttpConnection@47f4685a,g=HttpGenerator{s=0,h=-1,b=-1,c=-1},p=HttpParser{s=-14,l=0,c=-3},r=2}
13:56:55.152 [qtp2133655103-26] DEBUG o.e.jetty.io.AbstractConnection - onIdleExpired 60332ms AsyncHttpConnection@515a5583,g=HttpGenerator{s=0,h=-1,b=-1,c=-1},p=HttpParser{s=-14,l=0,c=-3},r=3 SCEP@65de00b7{l(/0:0:0:0:0:0:0:1:55463)<->r(/0:0:0:0:0:0:0:1:8080),s=0,open=true,ishut=false,oshut=false,rb=false,wb=false,w=true,i=1r}-{AsyncHttpConnection@515a5583,g=HttpGenerator{s=0,h=-1,b=-1,c=-1},p=HttpParser{s=-14,l=0,c=-3},r=3}
13:56:55.152 [qtp2133655103-23] DEBUG o.e.jetty.io.nio.ChannelEndPoint - oshut SCEP@54464223{l(/0:0:0:0:0:0:0:1:55464)<->r(/0:0:0:0:0:0:0:1:8080),s=0,open=true,ishut=false,oshut=false,rb=false,wb=false,w=true,i=1r}-{AsyncHttpConnection@41083ba4,g=HttpGenerator{s=0,h=-1,b=-1,c=-1},p=HttpParser{s=-14,l=0,c=-3},r=3}
13:56:55.152 [qtp2133655103-25] DEBUG o.e.jetty.io.AbstractConnection - onIdleExpired 60256ms AsyncHttpConnection@26ae8ecf,g=HttpGenerator{s=0,h=-1,b=-1,c=-1},p=HttpParser{s=-14,l=0,c=-3},r=3 SCEP@401f9bb5{l(/0:0:0:0:0:0:0:1:55465)<->r(/0:0:0:0:0:0:0:1:8080),s=0,open=true,ishut=false,oshut=false,rb=false,wb=false,w=true,i=1r}-{AsyncHttpConnection@26ae8ecf,g=HttpGenerator{s=0,h=-1,b=-1,c=-1},p=HttpParser{s=-14,l=0,c=-3},r=3}
13:56:55.152 [qtp2133655103-27] DEBUG o.e.jetty.io.AbstractConnection - onIdleExpired 60268ms AsyncHttpConnection@34945f7a,g=HttpGenerator{s=0,h=-1,b=-1,c=-1},p=HttpParser{s=-14,l=0,c=-3},r=3 SCEP@86aaff1{l(/0:0:0:0:0:0:0:1:55466)<->r(/0:0:0:0:0:0:0:1:8080),s=0,open=true,ishut=false,oshut=false,rb=false,wb=false,w=true,i=1r}-{AsyncHttpConnection@34945f7a,g=HttpGenerator{s=0,h=-1,b=-1,c=-1},p=HttpParser{s=-14,l=0,c=-3},r=3}
13:56:55.153 [qtp2133655103-28] DEBUG o.e.jetty.io.nio.ChannelEndPoint - oshut SCEP@1abc49db{l(/0:0:0:0:0:0:0:1:55467)<->r(/0:0:0:0:0:0:0:1:8080),s=0,open=true,ishut=false,oshut=false,rb=false,wb=false,w=true,i=1r}-{AsyncHttpConnection@47f4685a,g=HttpGenerator{s=0,h=-1,b=-1,c=-1},p=HttpParser{s=-14,l=0,c=-3},r=2}
13:56:55.153 [qtp2133655103-26] DEBUG o.e.jetty.io.nio.ChannelEndPoint - oshut SCEP@65de00b7{l(/0:0:0:0:0:0:0:1:55463)<->r(/0:0:0:0:0:0:0:1:8080),s=0,open=true,ishut=false,oshut=false,rb=false,wb=false,w=true,i=1r}-{AsyncHttpConnection@515a5583,g=HttpGenerator{s=0,h=-1,b=-1,c=-1},p=HttpParser{s=-14,l=0,c=-3},r=3}
13:56:55.154 [qtp2133655103-25] DEBUG o.e.jetty.io.nio.ChannelEndPoint - oshut SCEP@401f9bb5{l(/0:0:0:0:0:0:0:1:55465)<->r(/0:0:0:0:0:0:0:1:8080),s=0,open=true,ishut=false,oshut=false,rb=false,wb=false,w=true,i=1r}-{AsyncHttpConnection@26ae8ecf,g=HttpGenerator{s=0,h=-1,b=-1,c=-1},p=HttpParser{s=-14,l=0,c=-3},r=3}
13:56:55.154 [qtp2133655103-27] DEBUG o.e.jetty.io.nio.ChannelEndPoint - oshut SCEP@86aaff1{l(/0:0:0:0:0:0:0:1:55466)<->r(/0:0:0:0:0:0:0:1:8080),s=0,open=true,ishut=false,oshut=false,rb=false,wb=false,w=true,i=1r}-{AsyncHttpConnection@34945f7a,g=HttpGenerator{s=0,h=-1,b=-1,c=-1},p=HttpParser{s=-14,l=0,c=-3},r=3}
13:57:04.867 [qtp2133655103-28] DEBUG o.e.jetty.io.nio.ChannelEndPoint - ishut SCEP@54464223{l(/0:0:0:0:0:0:0:1:55464)<->r(/0:0:0:0:0:0:0:1:8080),s=1,open=true,ishut=false,oshut=true,rb=false,wb=false,w=true,i=1r}-{AsyncHttpConnection@41083ba4,g=HttpGenerator{s=0,h=-1,b=-1,c=-1},p=HttpParser{s=-14,l=0,c=-3},r=3}
13:57:04.867 [qtp2133655103-24] DEBUG o.e.jetty.io.nio.ChannelEndPoint - ishut SCEP@1abc49db{l(/0:0:0:0:0:0:0:1:55467)<->r(/0:0:0:0:0:0:0:1:8080),s=1,open=true,ishut=false,oshut=true,rb=false,wb=false,w=true,i=1r}-{AsyncHttpConnection@47f4685a,g=HttpGenerator{s=0,h=-1,b=-1,c=-1},p=HttpParser{s=-14,l=0,c=-3},r=2}
13:57:04.867 [qtp2133655103-26] DEBUG o.e.jetty.io.nio.ChannelEndPoint - ishut SCEP@401f9bb5{l(/0:0:0:0:0:0:0:1:55465)<->r(/0:0:0:0:0:0:0:1:8080),s=1,open=true,ishut=false,oshut=true,rb=false,wb=false,w=true,i=1r}-{AsyncHttpConnection@26ae8ecf,g=HttpGenerator{s=0,h=-1,b=-1,c=-1},p=HttpParser{s=-14,l=0,c=-3},r=3}
13:57:04.867 [qtp2133655103-25] DEBUG o.e.jetty.io.nio.ChannelEndPoint - ishut SCEP@86aaff1{l(/0:0:0:0:0:0:0:1:55466)<->r(/0:0:0:0:0:0:0:1:8080),s=1,open=true,ishut=false,oshut=true,rb=false,wb=false,w=true,i=1r}-{AsyncHttpConnection@34945f7a,g=HttpGenerator{s=0,h=-1,b=-1,c=-1},p=HttpParser{s=-14,l=0,c=-3},r=3}
13:57:04.867 [qtp2133655103-28] DEBUG o.e.jetty.io.nio.ChannelEndPoint - close SCEP@54464223{l(/0:0:0:0:0:0:0:1:55464)<->r(/0:0:0:0:0:0:0:1:8080),s=1,open=true,ishut=true,oshut=true,rb=false,wb=false,w=true,i=1r}-{AsyncHttpConnection@41083ba4,g=HttpGenerator{s=0,h=-1,b=-1,c=-1},p=HttpParser{s=-14,l=0,c=-3},r=3}
13:57:04.868 [qtp2133655103-23] DEBUG o.e.jetty.io.nio.ChannelEndPoint - ishut SCEP@65de00b7{l(/0:0:0:0:0:0:0:1:55463)<->r(/0:0:0:0:0:0:0:1:8080),s=1,open=true,ishut=false,oshut=true,rb=false,wb=false,w=true,i=1r}-{AsyncHttpConnection@515a5583,g=HttpGenerator{s=0,h=-1,b=-1,c=-1},p=HttpParser{s=-14,l=0,c=-3},r=3}
13:57:04.868 [qtp2133655103-24] DEBUG o.e.jetty.io.nio.ChannelEndPoint - close SCEP@1abc49db{l(/0:0:0:0:0:0:0:1:55467)<->r(/0:0:0:0:0:0:0:1:8080),s=1,open=true,ishut=true,oshut=true,rb=false,wb=false,w=true,i=1r}-{AsyncHttpConnection@47f4685a,g=HttpGenerator{s=0,h=-1,b=-1,c=-1},p=HttpParser{s=-14,l=0,c=-3},r=2}
13:57:04.869 [qtp2133655103-26] DEBUG o.e.jetty.io.nio.ChannelEndPoint - close SCEP@401f9bb5{l(/0:0:0:0:0:0:0:1:55465)<->r(/0:0:0:0:0:0:0:1:8080),s=1,open=true,ishut=true,oshut=true,rb=false,wb=false,w=true,i=1r}-{AsyncHttpConnection@26ae8ecf,g=HttpGenerator{s=0,h=-1,b=-1,c=-1},p=HttpParser{s=-14,l=0,c=-3},r=3}
13:57:04.869 [qtp2133655103-25] DEBUG o.e.jetty.io.nio.ChannelEndPoint - close SCEP@86aaff1{l(/0:0:0:0:0:0:0:1:55466)<->r(/0:0:0:0:0:0:0:1:8080),s=1,open=true,ishut=true,oshut=true,rb=false,wb=false,w=true,i=1r}-{AsyncHttpConnection@34945f7a,g=HttpGenerator{s=0,h=-1,b=-1,c=-1},p=HttpParser{s=-14,l=0,c=-3},r=3}
13:57:04.870 [qtp2133655103-23] DEBUG o.e.jetty.io.nio.ChannelEndPoint - close SCEP@65de00b7{l(/0:0:0:0:0:0:0:1:55463)<->r(/0:0:0:0:0:0:0:1:8080),s=1,open=true,ishut=true,oshut=true,rb=false,wb=false,w=true,i=1r}-{AsyncHttpConnection@515a5583,g=HttpGenerator{s=0,h=-1,b=-1,c=-1},p=HttpParser{s=-14,l=0,c=-3},r=3}
13:57:04.870 [qtp2133655103-28] DEBUG org.eclipse.jetty.http.HttpParser - filled -1/0
13:57:04.870 [qtp2133655103-26] DEBUG org.eclipse.jetty.http.HttpParser - filled -1/0
13:57:04.872 [qtp2133655103-26] DEBUG o.e.jetty.server.AsyncHttpConnection - Disabled read interest while writing response SCEP@401f9bb5{l(/0:0:0:0:0:0:0:1:55465)<->r(0.0.0.0/0.0.0.0:8080),s=1,open=false,ishut=true,oshut=true,rb=false,wb=false,w=true,i=1!}-{AsyncHttpConnection@26ae8ecf,g=HttpGenerator{s=0,h=-1,b=-1,c=-1},p=HttpParser{s=0,l=0,c=-3},r=3}
13:57:04.873 [qtp2133655103-28] DEBUG o.e.jetty.server.AsyncHttpConnection - Disabled read interest while writing response SCEP@54464223{l(null)<->r(0.0.0.0/0.0.0.0:8080),s=1,open=false,ishut=true,oshut=true,rb=false,wb=false,w=true,i=1!}-{AsyncHttpConnection@41083ba4,g=HttpGenerator{s=0,h=-1,b=-1,c=-1},p=HttpParser{s=0,l=0,c=-3},r=3}
13:57:04.873 [qtp2133655103-23] DEBUG org.eclipse.jetty.http.HttpParser - filled -1/0
13:57:04.873 [qtp2133655103-25] DEBUG org.eclipse.jetty.http.HttpParser - filled -1/0
13:57:04.873 [qtp2133655103-23] DEBUG o.e.jetty.server.AsyncHttpConnection - Disabled read interest while writing response SCEP@65de00b7{l(/0:0:0:0:0:0:0:1:55463)<->r(0.0.0.0/0.0.0.0:8080),s=1,open=false,ishut=true,oshut=true,rb=false,wb=false,w=true,i=1!}-{AsyncHttpConnection@515a5583,g=HttpGenerator{s=0,h=-1,b=-1,c=-1},p=HttpParser{s=0,l=0,c=-3},r=3}
13:57:04.874 [qtp2133655103-25] DEBUG o.e.jetty.server.AsyncHttpConnection - Disabled read interest while writing response SCEP@86aaff1{l(/0:0:0:0:0:0:0:1:55466)<->r(0.0.0.0/0.0.0.0:8080),s=1,open=false,ishut=true,oshut=true,rb=false,wb=false,w=true,i=1!}-{AsyncHttpConnection@34945f7a,g=HttpGenerator{s=0,h=-1,b=-1,c=-1},p=HttpParser{s=0,l=0,c=-3},r=3}
13:57:04.874 [qtp2133655103-22 Selector0] DEBUG org.eclipse.jetty.io.nio - destroyEndPoint SCEP@54464223{l(null)<->r(0.0.0.0/0.0.0.0:8080),s=0,open=false,ishut=true,oshut=true,rb=false,wb=false,w=true,i=1!}-{AsyncHttpConnection@41083ba4,g=HttpGenerator{s=0,h=-1,b=-1,c=-1},p=HttpParser{s=0,l=0,c=-3},r=3}
13:57:04.874 [qtp2133655103-22 Selector0] DEBUG o.e.j.server.AbstractHttpConnection - closed AsyncHttpConnection@41083ba4,g=HttpGenerator{s=0,h=-1,b=-1,c=-1},p=HttpParser{s=0,l=0,c=-3},r=3
13:57:04.874 [qtp2133655103-24] DEBUG org.eclipse.jetty.http.HttpParser - filled -1/0
13:57:04.874 [qtp2133655103-24] DEBUG o.e.jetty.server.AsyncHttpConnection - Disabled read interest while writing response SCEP@1abc49db{l(/0:0:0:0:0:0:0:1:55467)<->r(0.0.0.0/0.0.0.0:8080),s=1,open=false,ishut=true,oshut=true,rb=false,wb=false,w=true,i=1!}-{AsyncHttpConnection@47f4685a,g=HttpGenerator{s=0,h=-1,b=-1,c=-1},p=HttpParser{s=0,l=0,c=-3},r=2}
13:57:04.874 [qtp2133655103-22 Selector0] DEBUG org.eclipse.jetty.io.nio - destroyEndPoint SCEP@401f9bb5{l(null)<->r(0.0.0.0/0.0.0.0:8080),s=0,open=false,ishut=true,oshut=true,rb=false,wb=false,w=true,i=1!}-{AsyncHttpConnection@26ae8ecf,g=HttpGenerator{s=0,h=-1,b=-1,c=-1},p=HttpParser{s=0,l=0,c=-3},r=3}
13:57:04.875 [qtp2133655103-22 Selector0] DEBUG o.e.j.server.AbstractHttpConnection - closed AsyncHttpConnection@26ae8ecf,g=HttpGenerator{s=0,h=-1,b=-1,c=-1},p=HttpParser{s=0,l=0,c=-3},r=3
13:57:04.875 [qtp2133655103-22 Selector0] DEBUG org.eclipse.jetty.io.nio - destroyEndPoint SCEP@65de00b7{l(null)<->r(0.0.0.0/0.0.0.0:8080),s=0,open=false,ishut=true,oshut=true,rb=false,wb=false,w=true,i=1!}-{AsyncHttpConnection@515a5583,g=HttpGenerator{s=0,h=-1,b=-1,c=-1},p=HttpParser{s=0,l=0,c=-3},r=3}
13:57:04.875 [qtp2133655103-22 Selector0] DEBUG o.e.j.server.AbstractHttpConnection - closed AsyncHttpConnection@515a5583,g=HttpGenerator{s=0,h=-1,b=-1,c=-1},p=HttpParser{s=0,l=0,c=-3},r=3
13:57:04.876 [qtp2133655103-22 Selector0] DEBUG org.eclipse.jetty.io.nio - destroyEndPoint SCEP@86aaff1{l(null)<->r(0.0.0.0/0.0.0.0:8080),s=0,open=false,ishut=true,oshut=true,rb=false,wb=false,w=true,i=1!}-{AsyncHttpConnection@34945f7a,g=HttpGenerator{s=0,h=-1,b=-1,c=-1},p=HttpParser{s=0,l=0,c=-3},r=3}
13:57:04.876 [qtp2133655103-22 Selector0] DEBUG o.e.j.server.AbstractHttpConnection - closed AsyncHttpConnection@34945f7a,g=HttpGenerator{s=0,h=-1,b=-1,c=-1},p=HttpParser{s=0,l=0,c=-3},r=3
13:57:04.876 [qtp2133655103-22 Selector0] DEBUG org.eclipse.jetty.io.nio - destroyEndPoint SCEP@1abc49db{l(null)<->r(0.0.0.0/0.0.0.0:8080),s=0,open=false,ishut=true,oshut=true,rb=false,wb=false,w=true,i=1!}-{AsyncHttpConnection@47f4685a,g=HttpGenerator{s=0,h=-1,b=-1,c=-1},p=HttpParser{s=0,l=0,c=-3},r=2}
13:57:04.876 [qtp2133655103-22 Selector0] DEBUG o.e.j.server.AbstractHttpConnection - closed AsyncHttpConnection@47f4685a,g=HttpGenerator{s=0,h=-1,b=-1,c=-1},p=HttpParser{s=0,l=0,c=-3},r=2
13:57:25.043 [qtp2133655103-28] DEBUG o.e.jetty.io.AbstractConnection - onIdleExpired 60153ms AsyncHttpConnection@3cb2be93,g=HttpGenerator{s=0,h=-1,b=-1,c=-1},p=HttpParser{s=-14,l=0,c=-3},r=4 SCEP@4438c55e{l(/0:0:0:0:0:0:0:1:55468)<->r(/0:0:0:0:0:0:0:1:8080),s=0,open=true,ishut=false,oshut=false,rb=false,wb=false,w=true,i=1r}-{AsyncHttpConnection@3cb2be93,g=HttpGenerator{s=0,h=-1,b=-1,c=-1},p=HttpParser{s=-14,l=0,c=-3},r=4}
13:57:25.043 [qtp2133655103-28] DEBUG o.e.jetty.io.nio.ChannelEndPoint - oshut SCEP@4438c55e{l(/0:0:0:0:0:0:0:1:55468)<->r(/0:0:0:0:0:0:0:1:8080),s=0,open=true,ishut=false,oshut=false,rb=false,wb=false,w=true,i=1r}-{AsyncHttpConnection@3cb2be93,g=HttpGenerator{s=0,h=-1,b=-1,c=-1},p=HttpParser{s=-14,l=0,c=-3},r=4}
13:57:34.877 [qtp2133655103-23] DEBUG o.e.jetty.io.nio.ChannelEndPoint - ishut SCEP@4438c55e{l(/0:0:0:0:0:0:0:1:55468)<->r(/0:0:0:0:0:0:0:1:8080),s=1,open=true,ishut=false,oshut=true,rb=false,wb=false,w=true,i=1r}-{AsyncHttpConnection@3cb2be93,g=HttpGenerator{s=0,h=-1,b=-1,c=-1},p=HttpParser{s=-14,l=0,c=-3},r=4}
13:57:34.877 [qtp2133655103-23] DEBUG o.e.jetty.io.nio.ChannelEndPoint - close SCEP@4438c55e{l(/0:0:0:0:0:0:0:1:55468)<->r(/0:0:0:0:0:0:0:1:8080),s=1,open=true,ishut=true,oshut=true,rb=false,wb=false,w=true,i=1r}-{AsyncHttpConnection@3cb2be93,g=HttpGenerator{s=0,h=-1,b=-1,c=-1},p=HttpParser{s=-14,l=0,c=-3},r=4}
13:57:34.877 [qtp2133655103-23] DEBUG org.eclipse.jetty.http.HttpParser - filled -1/0
13:57:34.878 [qtp2133655103-23] DEBUG o.e.jetty.server.AsyncHttpConnection - Disabled read interest while writing response SCEP@4438c55e{l(null)<->r(0.0.0.0/0.0.0.0:8080),s=1,open=false,ishut=true,oshut=true,rb=false,wb=false,w=true,i=1!}-{AsyncHttpConnection@3cb2be93,g=HttpGenerator{s=0,h=-1,b=-1,c=-1},p=HttpParser{s=0,l=0,c=-3},r=4}
13:57:34.878 [qtp2133655103-22 Selector0] DEBUG org.eclipse.jetty.io.nio - destroyEndPoint SCEP@4438c55e{l(null)<->r(0.0.0.0/0.0.0.0:8080),s=1,open=false,ishut=true,oshut=true,rb=false,wb=false,w=true,i=1!}-{AsyncHttpConnection@3cb2be93,g=HttpGenerator{s=0,h=-1,b=-1,c=-1},p=HttpParser{s=0,l=0,c=-3},r=4}
13:57:34.878 [qtp2133655103-22 Selector0] DEBUG o.e.j.server.AbstractHttpConnection - closed AsyncHttpConnection@3cb2be93,g=HttpGenerator{s=0,h=-1,b=-1,c=-1},p=HttpParser{s=0,l=0,c=-3},r=4
